C:\USERS\PATEL\DESKTOP\ASSIGNMENT3\ASSIGNMENT3\DEBUG\A3TEST.CPP.NATIVECODEANALYSIS.XML
C:\USERS\PATEL\DESKTOP\ASSIGNMENT3\ASSIGNMENT3\DEBUG\A3TEST.OBJ
C:\USERS\PATEL\DESKTOP\ASSIGNMENT3\ASSIGNMENT3\DEBUG\VC110.PDB
C:\USERS\PATEL\DESKTOP\ASSIGNMENT3\ASSIGNMENT3\DEBUG\INTLIST.CPP.NATIVECODEANALYSIS.XML
C:\USERS\PATEL\DESKTOP\ASSIGNMENT3\ASSIGNMENT3\DEBUG\INTLIST.OBJ
C:\USERS\PATEL\DESKTOP\ASSIGNMENT3\DEBUG\ASSIGNMENT3.ILK
C:\USERS\PATEL\DESKTOP\ASSIGNMENT3\DEBUG\ASSIGNMENT3.EXE
C:\USERS\PATEL\DESKTOP\ASSIGNMENT3\DEBUG\ASSIGNMENT3.PDB
C:\Users\PATEL\Desktop\Assignment3\Assignment3\Debug\a3test.obj
C:\Users\PATEL\Desktop\Assignment3\Assignment3\Debug\intlist.obj
C:\Users\PATEL\Desktop\Assignment3\Assignment3\Debug\cl.command.1.tlog
C:\Users\PATEL\Desktop\Assignment3\Assignment3\Debug\CL.read.1.tlog
C:\Users\PATEL\Desktop\Assignment3\Assignment3\Debug\CL.write.1.tlog
C:\Users\PATEL\Desktop\Assignment3\Assignment3\Debug\link-cvtres.read.1.tlog
C:\Users\PATEL\Desktop\Assignment3\Assignment3\Debug\link-cvtres.write.1.tlog
C:\Users\PATEL\Desktop\Assignment3\Assignment3\Debug\link-rc.read.1.tlog
C:\Users\PATEL\Desktop\Assignment3\Assignment3\Debug\link-rc.write.1.tlog
C:\Users\PATEL\Desktop\Assignment3\Assignment3\Debug\link.command.1.tlog
C:\Users\PATEL\Desktop\Assignment3\Assignment3\Debug\link.read.1.tlog
C:\Users\PATEL\Desktop\Assignment3\Assignment3\Debug\link.write.1.tlog
C:\Users\PATEL\Desktop\Assignment3\Assignment3\Debug\NativeCodeAnalysis.read.1.tlog
C:\Users\PATEL\Desktop\Assignment3\Assignment3\Debug\vc110.idb
C:\Users\PATEL\Desktop\Assignment3\Assignment3\Debug\vc110.pdb
C:\Users\PATEL\Desktop\Assignment3\Assignment3\Debug\a3test.cpp.nativecodeanalysis.xml
C:\Users\PATEL\Desktop\Assignment3\Assignment3\Debug\intlist.cpp.nativecodeanalysis.xml
C:\Users\PATEL\Desktop\Assignment3\Assignment3\Debug\vc.nativecodeanalysis.all.xml
C:\Users\PATEL\Desktop\Assignment3\Debug\Assignment3.pdb
C:\Users\PATEL\Desktop\Assignment3\Debug\Assignment3.exe
C:\Users\PATEL\Desktop\Assignment3\Debug\Assignment3.ilk
C:\Users\PATEL\Desktop\Assignment3\Debug\Assignment3.exe.lastcodeanalysissucceeded
